summer_coding_android/app/build/intermediates/manifest_merge_blame_file/debug/manifest-merger-blame-debug-report.txt
1<?xml version="1.0" encoding="utf-8"?>
2<manifest xmlns:android="http://schemas.android.com/apk/res/android"
3    package="kr.co.landvibe.summer_coding_android"
4    android:versionCode="1"
5    android:versionName="1.0" >
6
7    <uses-sdk
8        android:minSdkVersion="26"
8-->src/main/AndroidManifest.xml
9        android:targetSdkVersion="32" />
9-->src/main/AndroidManifest.xml
10
11    <application
11-->src/main/AndroidManifest.xml:5:5-39:19
12        android:allowBackup="true"
12-->src/main/AndroidManifest.xml:6:9-35
13        android:appComponentFactory="androidx.core.app.CoreComponentFactory"
13-->[androidx.core:core:1.7.0] AndroidManifest.xml:24:18-86
14        android:debuggable="true"
15        android:extractNativeLibs="false"
16        android:icon="@mipmap/ic_launcher"
16-->src/main/AndroidManifest.xml:7:9-43
17        android:label="@string/app_name"
17-->src/main/AndroidManifest.xml:8:9-41
18        android:roundIcon="@mipmap/ic_launcher_round"
18-->src/main/AndroidManifest.xml:9:9-54
19        android:supportsRtl="true"
19-->src/main/AndroidManifest.xml:10:9-35
20        android:testOnly="true"
21        android:theme="@style/Theme.SummerCodingAndroid" >
21-->src/main/AndroidManifest.xml:11:9-57
22        <activity
22-->src/main/AndroidManifest.xml:12:9-14:40
23            android:name="kr.co.landvibe.summer_coding_android.yesxon.YesxonActivity"
23-->src/main/AndroidManifest.xml:13:13-50
24            android:exported="false" />
24-->src/main/AndroidManifest.xml:14:13-37
25        <activity
25-->src/main/AndroidManifest.xml:15:9-17:40
26            android:name="kr.co.landvibe.summer_coding_android.leesc0893.Leesc0893Activity"
26-->src/main/AndroidManifest.xml:16:13-56
27            android:exported="false" />
27-->src/main/AndroidManifest.xml:17:13-37
28        <activity
28-->src/main/AndroidManifest.xml:18:9-20:40
29            android:name="kr.co.landvibe.summer_coding_android.gok5959.Gok5959Activity"
29-->src/main/AndroidManifest.xml:19:13-52
30            android:exported="false" />
30-->src/main/AndroidManifest.xml:20:13-37
31        <activity
31-->src/main/AndroidManifest.xml:21:9-23:40
32            android:name="kr.co.landvibe.summer_coding_android.d11210920.D11210920Activity"
32-->src/main/AndroidManifest.xml:22:13-56
33            android:exported="false" />
33-->src/main/AndroidManifest.xml:23:13-37
34        <activity
34-->src/main/AndroidManifest.xml:24:9-26:40
35            android:name="kr.co.landvibe.summer_coding_android.ckgod.CkgodActivity"
35-->src/main/AndroidManifest.xml:25:13-48
36            android:exported="false" />
36-->src/main/AndroidManifest.xml:26:13-37
37        <activity
37-->src/main/AndroidManifest.xml:27:9-29:40
38            android:name="kr.co.landvibe.summer_coding_android.jjjoonngg.JjjoonnggActivity"
38-->src/main/AndroidManifest.xml:28:13-56
39            android:exported="false" />
39-->src/main/AndroidManifest.xml:29:13-37
40        <activity
40-->src/main/AndroidManifest.xml:30:9-38:20
41            android:name="kr.co.landvibe.summer_coding_android.MainActivity"
41-->src/main/AndroidManifest.xml:31:13-41
42            android:exported="true" >
42-->src/main/AndroidManifest.xml:32:13-36
43            <intent-filter>
43-->src/main/AndroidManifest.xml:33:13-37:29
44                <action android:name="android.intent.action.MAIN" />
44-->src/main/AndroidManifest.xml:34:17-69
44-->src/main/AndroidManifest.xml:34:25-66
45
46                <category android:name="android.intent.category.LAUNCHER" />
46-->src/main/AndroidManifest.xml:36:17-77
46-->src/main/AndroidManifest.xml:36:27-74
47            </intent-filter>
48        </activity>
49
50        <provider
50-->[androidx.emoji2:emoji2:1.0.0] AndroidManifest.xml:26:9-34:20
51            android:name="androidx.startup.InitializationProvider"
51-->[androidx.emoji2:emoji2:1.0.0] AndroidManifest.xml:27:13-67
52            android:authorities="kr.co.landvibe.summer_coding_android.androidx-startup"
52-->[androidx.emoji2:emoji2:1.0.0] AndroidManifest.xml:28:13-68
53            android:exported="false" >
53-->[androidx.emoji2:emoji2:1.0.0] AndroidManifest.xml:29:13-37
54            <meta-data
54-->[androidx.emoji2:emoji2:1.0.0] AndroidManifest.xml:31:13-33:52
55                android:name="androidx.emoji2.text.EmojiCompatInitializer"
55-->[androidx.emoji2:emoji2:1.0.0] AndroidManifest.xml:32:17-75
56                android:value="androidx.startup" />
56-->[androidx.emoji2:emoji2:1.0.0] AndroidManifest.xml:33:17-49
57            <meta-data
57-->[androidx.lifecycle:lifecycle-process:2.4.0] AndroidManifest.xml:31:13-33:52
58                android:name="androidx.lifecycle.ProcessLifecycleInitializer"
58-->[androidx.lifecycle:lifecycle-process:2.4.0] AndroidManifest.xml:32:17-78
59                android:value="androidx.startup" />
59-->[androidx.lifecycle:lifecycle-process:2.4.0] AndroidManifest.xml:33:17-49
60        </provider>
61    </application>
62
63</manifest>